<?xml version="1.0" encoding="UTF-8"?>
<!-- Generated by org.testng.reporters.JUnitReportReporter -->
<testsuite skipped="0" hostname="Laptop" name="Academy.E2EProject.addRoundNotes" tests="1" failures="0" timestamp="23 Jan 2021 15:05:58 GMT" time="6.443" errors="0">
  <testcase name="DoctorAddRoundNotes" time="6.443" classname="Academy.E2EProject.addRoundNotes"/>
</testsuite> <!-- Academy.E2EProject.addRoundNotes -->
