<?xml version="1.0" encoding="UTF-8"?>
<!-- Generated by org.testng.reporters.JUnitReportReporter -->
<testsuite skipped="0" hostname="DESKTOP-90MBKRF" name="Academy.E2EProject.ValidateTitle" tests="1" failures="0" timestamp="14 Dec 2020 07:18:56 GMT" time="11.101" errors="0">
  <testcase name="loginMethod" time="11.101" classname="Academy.E2EProject.ValidateTitle"/>
</testsuite> <!-- Academy.E2EProject.ValidateTitle -->
