<?xml version="1.0" encoding="UTF-8"?>
<!-- Generated by org.testng.reporters.JUnitReportReporter -->
<testsuite skipped="0" hostname="DESKTOP-90MBKRF" name="Academy.E2EProject.HomePage" tests="1" failures="0" timestamp="14 Dec 2020 09:13:46 GMT" time="19.384" errors="0">
  <testcase name="loginMethod" time="19.384" classname="Academy.E2EProject.HomePage"/>
</testsuite> <!-- Academy.E2EProject.HomePage -->
