<?xml version="1.0" encoding="UTF-8"?>
<!-- Generated by org.testng.reporters.JUnitReportReporter -->
<testsuite skipped="0" hostname="Laptop" name="Academy.E2EProject.attendPatient" tests="1" failures="0" timestamp="23 Jan 2021 15:05:58 GMT" time="12.193" errors="0">
  <testcase name="DoctorAttendPatient" time="12.193" classname="Academy.E2EProject.attendPatient"/>
</testsuite> <!-- Academy.E2EProject.attendPatient -->
