<?xml version="1.0" encoding="UTF-8"?>
<!-- Generated by org.testng.reporters.JUnitReportReporter -->
<testsuite skipped="0" hostname="Laptop" name="Academy.E2EProject.LoginPageMain" tests="1" failures="0" timestamp="23 Jan 2021 15:05:57 GMT" time="4.870" errors="0">
  <testcase name="login" time="4.870" classname="Academy.E2EProject.LoginPageMain"/>
</testsuite> <!-- Academy.E2EProject.LoginPageMain -->
