<?xml version="1.0" encoding="UTF-8"?>
<!-- Generated by org.testng.reporters.JUnitReportReporter -->
<testsuite skipped="0" hostname="Laptop" name="Academy.E2EProject.addPrescription" tests="1" failures="0" timestamp="23 Jan 2021 15:05:58 GMT" time="7.362" errors="0">
  <testcase name="DoctorAddPrescription" time="7.362" classname="Academy.E2EProject.addPrescription"/>
</testsuite> <!-- Academy.E2EProject.addPrescription -->
