<?xml version="1.0" encoding="UTF-8"?>
<!-- Generated by org.testng.reporters.JUnitReportReporter -->
<testsuite skipped="0" hostname="DESKTOP-90MBKRF" name="Academy.E2EProject.LoginPageMain" tests="1" failures="0" timestamp="18 Jan 2021 12:37:39 GMT" time="3.482" errors="0">
  <testcase name="login" time="3.482" classname="Academy.E2EProject.LoginPageMain"/>
</testsuite> <!-- Academy.E2EProject.LoginPageMain -->
