<?xml version="1.0" encoding="UTF-8"?>
<!-- Generated by org.testng.reporters.JUnitReportReporter -->
<testsuite skipped="0" hostname="DESKTOP-90MBKRF" name="Academy.E2EProject.LoginPageMain" tests="2" failures="0" timestamp="01 Jan 2021 13:30:12 GMT" time="38.093" errors="0">
  <testcase name="loginMethod" time="4.041" classname="Academy.E2EProject.LoginPageMain"/>
  <testcase name="ipdRegistration" time="34.052" classname="Academy.E2EProject.LoginPageMain"/>
</testsuite> <!-- Academy.E2EProject.LoginPageMain -->
