<?xml version="1.0" encoding="UTF-8"?>
<!-- Generated by org.testng.reporters.JUnitReportReporter -->
<<<<<<< HEAD
<testsuite skipped="0" hostname="Laptop" name="Academy.E2EProject.LoginPageMain" tests="4" failures="0" timestamp="15 Jan 2021 16:20:55 GMT" time="32.111" errors="0">
  <testcase name="loginMethod" time="4.573" classname="Academy.E2EProject.LoginPageMain"/>
  <testcase name="loginAsDoctorAttend" time="12.875" classname="Academy.E2EProject.LoginPageMain"/>
  <testcase name="loginAsDoctorAddRoundNotes" time="6.797" classname="Academy.E2EProject.LoginPageMain"/>
  <testcase name="loginAsDoctorAddPrescription" time="7.866" classname="Academy.E2EProject.LoginPageMain"/>
=======
<testsuite skipped="0" hostname="DESKTOP-90MBKRF" name="Academy.E2EProject.LoginPageMain" tests="1" failures="0" timestamp="18 Jan 2021 13:37:48 GMT" time="3.188" errors="0">
  <testcase name="login" time="3.188" classname="Academy.E2EProject.LoginPageMain"/>
>>>>>>> 65065918ea04ec9a5fe578abc3e69c03b5429a90
</testsuite> <!-- Academy.E2EProject.LoginPageMain -->
