<?xml version="1.0" encoding="UTF-8"?>
<!-- Generated by org.testng.reporters.JUnitReportReporter -->
<testsuite skipped="0" hostname="DESKTOP-90MBKRF" name="Academy.E2EProject.attendPatient" tests="1" failures="0" timestamp="18 Jan 2021 13:37:48 GMT" time="8.621" errors="0">
  <testcase name="DoctorAttendPatient" time="8.621" classname="Academy.E2EProject.attendPatient"/>
</testsuite> <!-- Academy.E2EProject.attendPatient -->
