<?xml version="1.0" encoding="UTF-8"?>
<!-- Generated by org.testng.reporters.JUnitReportReporter -->
<testsuite skipped="0" hostname="DESKTOP-90MBKRF" name="Academy.E2EProject.addPrescription" tests="1" failures="0" timestamp="18 Jan 2021 12:37:39 GMT" time="5.641" errors="0">
  <testcase name="DoctorAddPrescription" time="5.641" classname="Academy.E2EProject.addPrescription"/>
</testsuite> <!-- Academy.E2EProject.addPrescription -->
