<?xml version="1.0" encoding="UTF-8"?>
<!-- Generated by org.testng.reporters.JUnitReportReporter -->
<testsuite skipped="1" hostname="DESKTOP-90MBKRF" name="Academy.E2EProject.NewTest" tests="1" failures="0" timestamp="18 Jan 2021 08:58:14 GMT" time="0.000" errors="0">
  <testcase name="test" time="0.000" classname="Academy.E2EProject.NewTest">
    <skipped/>
  </testcase> <!-- test -->
</testsuite> <!-- Academy.E2EProject.NewTest -->
