<?xml version="1.0" encoding="UTF-8"?>
<!-- Generated by org.testng.reporters.JUnitReportReporter -->
<testsuite skipped="0" hostname="DESKTOP-90MBKRF" name="Academy.E2EProject.LoginPageMain" tests="2" failures="0" timestamp="14 Jan 2021 10:38:51 GMT" time="9.194" errors="0">
  <testcase name="loginMethod" time="2.125" classname="Academy.E2EProject.LoginPageMain"/>
  <testcase name="ipdDetailsMethods" time="7.069" classname="Academy.E2EProject.LoginPageMain"/>
</testsuite> <!-- Academy.E2EProject.LoginPageMain -->
