<?xml version="1.0" encoding="UTF-8"?>
<!-- Generated by org.testng.reporters.JUnitReportReporter -->
<testsuite skipped="0" hostname="DESKTOP-90MBKRF" name="Academy.E2EProject.addRoundNotes" tests="1" failures="0" timestamp="18 Jan 2021 12:37:39 GMT" time="6.161" errors="0">
  <testcase name="DoctorAddRoundNotes" time="6.161" classname="Academy.E2EProject.addRoundNotes"/>
</testsuite> <!-- Academy.E2EProject.addRoundNotes -->
