<?xml version="1.0" encoding="UTF-8"?>
<!-- Generated by org.testng.reporters.JUnitReportReporter -->
<testsuite skipped="0" hostname="DESKTOP-90MBKRF" name="Academy.E2EProject.LoginPageMain" tests="2" failures="0" timestamp="04 Jan 2021 05:00:24 GMT" time="30.244" errors="0">
  <testcase name="loginMethod" time="5.602" classname="Academy.E2EProject.LoginPageMain"/>
  <testcase name="ipdRegistration" time="24.642" classname="Academy.E2EProject.LoginPageMain"/>
</testsuite> <!-- Academy.E2EProject.LoginPageMain -->
