<?xml version="1.0" encoding="UTF-8"?>
<!-- Generated by org.testng.reporters.JUnitReportReporter -->
<testsuite skipped="0" hostname="DESKTOP-90MBKRF" name="Academy.E2EProject.addPrescription" tests="1" failures="0" timestamp="18 Jan 2021 13:37:48 GMT" time="6.583" errors="0">
  <testcase name="DoctorAddPrescription" time="6.583" classname="Academy.E2EProject.addPrescription"/>
</testsuite> <!-- Academy.E2EProject.addPrescription -->
