<?xml version="1.0" encoding="UTF-8"?>
<!-- Generated by org.testng.reporters.JUnitReportReporter -->
<testsuite skipped="0" hostname="DESKTOP-90MBKRF" name="Academy.E2EProject.LoginPageMain" tests="2" failures="0" timestamp="14 Jan 2021 05:34:59 GMT" time="31.826" errors="0">
  <testcase name="loginMethod" time="5.158" classname="Academy.E2EProject.LoginPageMain"/>
  <testcase name="ipdRegistration" time="26.668" classname="Academy.E2EProject.LoginPageMain"/>
</testsuite> <!-- Academy.E2EProject.LoginPageMain -->
