<?xml version="1.0" encoding="UTF-8"?>
<!-- Generated by org.testng.reporters.JUnitReportReporter -->
<testsuite skipped="0" hostname="DESKTOP-90MBKRF" name="Academy.E2EProject.LoginPageMain" tests="1" failures="0" timestamp="31 Dec 2020 05:56:33 GMT" time="2.520" errors="0">
  <testcase name="loginMethod" time="2.520" classname="Academy.E2EProject.LoginPageMain"/>
</testsuite> <!-- Academy.E2EProject.LoginPageMain -->
