<?xml version="1.0" encoding="UTF-8"?>
<!-- Generated by org.testng.reporters.JUnitReportReporter -->
<testsuite skipped="0" hostname="DESKTOP-90MBKRF" name="Academy.E2EProject.AddEnquiryMain" tests="1" failures="0" timestamp="31 Dec 2020 07:23:57 GMT" time="12.928" errors="0">
  <testcase name="enquiryAdd" time="12.928" classname="Academy.E2EProject.AddEnquiryMain"/>
</testsuite> <!-- Academy.E2EProject.AddEnquiryMain -->
