<?xml version="1.0" encoding="UTF-8"?>
<!-- Generated by org.testng.reporters.JUnitReportReporter -->
<testsuite skipped="0" hostname="DESKTOP-90MBKRF" name="Academy.E2EProject.OPDRegistrationMain" tests="1" failures="0" timestamp="14 Jan 2021 05:34:59 GMT" time="11.872" errors="0">
  <testcase name="OPDRegMethod" time="11.872" classname="Academy.E2EProject.OPDRegistrationMain"/>
</testsuite> <!-- Academy.E2EProject.OPDRegistrationMain -->
